<?xml version="1.0" encoding="UTF-8"?>
<!-- Generated by org.testng.reporters.JUnitReportReporter -->
<testsuite hostname="DESKTOP-E00U9JM" failures="0" tests="1" name="tests.LoginTest" time="10.420" errors="0" timestamp="2021-09-16T17:03:58 EDT" skipped="0">
  <testcase classname="tests.LoginTest" name="loginTest" time="10.420"/>
  <system-out/>
</testsuite> <!-- tests.LoginTest -->
